<?xml version="1.0" encoding="UTF-8"?>
<testng-results skipped="0" failed="0" total="1" passed="1">
  <reporter-output>
  </reporter-output>
  <suite name="Default suite" duration-ms="20" started-at="2015-07-19T03:58:32Z" finished-at="2015-07-19T03:58:32Z">
    <groups>
    </groups>
    <test name="Default test" duration-ms="20" started-at="2015-07-19T03:58:32Z" finished-at="2015-07-19T03:58:32Z">
      <class name="LibraryTest">
        <test-method status="PASS" signature="testSomeLibraryMethod()[pri:0, instance:LibraryTest@67117f44]" name="testSomeLibraryMethod" duration-ms="10" started-at="2015-07-18T20:58:32Z" finished-at="2015-07-18T20:58:32Z">
          <reporter-output>
          </reporter-output>
        </test-method> <!-- testSomeLibraryMethod -->
      </class> <!-- LibraryTest -->
    </test> <!-- Default test -->
  </suite> <!-- Default suite -->
</testng-results>
